
           ___      .______        ______  __    __  .______      
          /   \     |   _  \      /      ||  |  |  | |   _  \     
         /  ^  \    |  |_)  |    |  ,----'|  |__|  | |  |_)  |    
        /  /_\  \   |      /     |  |     |   __   | |      /     
       /  _____  \  |  |\  \\___ |  `----.|  |  |  | |  |\  \\___.
      /__/     \__\ | _| `._____| \______||__|  |__| | _| `._____|
    
Logging With ArchR!

Start Time : 2024-03-25 19:18:13.919116

------- ArchR Info

ArchRThreads = 6
ArchRGenome = Hg38

------- System Info

Computer OS = unix
Total Cores = 8

------- Session Info

R version 4.3.1 (2023-06-16)
Platform: x86_64-conda-linux-gnu (64-bit)
Running under: CentOS Linux 7 (Core)

Matrix products: default
BLAS/LAPACK: /home/bnphan/mambaforge/lib/libopenblasp-r0.3.26.so;  LAPACK version 3.12.0

Random number generation:
 RNG:     L'Ecuyer-CMRG 
 Normal:  Inversion 
 Sample:  Rejection 
 
locale:
 [1] LC_CTYPE=en_US.UTF-8       LC_NUMERIC=C              
 [3] LC_TIME=en_US.UTF-8        LC_COLLATE=en_US.UTF-8    
 [5] LC_MONETARY=en_US.UTF-8    LC_MESSAGES=en_US.UTF-8   
 [7] LC_PAPER=en_US.UTF-8       LC_NAME=C                 
 [9] LC_ADDRESS=C               LC_TELEPHONE=C            
[11] LC_MEASUREMENT=en_US.UTF-8 LC_IDENTIFICATION=C       

time zone: America/New_York
tzcode source: system (glibc)

attached base packages:
 [1] parallel  stats4    grid      stats     graphics  grDevices utils    
 [8] datasets  methods   base     

other attached packages:
 [1] hexbin_1.28.3               SingleCellExperiment_1.23.0
 [3] SeuratDisk_0.0.0.9020       Seurat_5.0.3               
 [5] SeuratObject_5.0.1          sp_2.1-3                   
 [7] here_1.0.1                  rhdf5_2.42.1               
 [9] SummarizedExperiment_1.32.0 Biobase_2.62.0             
[11] MatrixGenerics_1.14.0       Rcpp_1.0.12                
[13] Matrix_1.6-5                GenomicRanges_1.54.1       
[15] GenomeInfoDb_1.38.1         IRanges_2.36.0             
[17] S4Vectors_0.40.2            BiocGenerics_0.48.1        
[19] matrixStats_1.2.0           data.table_1.15.2          
[21] stringr_1.5.1               plyr_1.8.9                 
[23] magrittr_2.0.3              ggplot2_3.4.3              
[25] gtable_0.3.4                gtools_3.9.4               
[27] gridExtra_2.3               ArchR_1.0.2                
[29] colorout_1.2-2             

loaded via a namespace (and not attached):
  [1] RcppAnnoy_0.0.22                  splines_4.3.1                    
  [3] later_1.3.2                       pbdZMQ_0.3-11                    
  [5] BiocIO_1.12.0                     bitops_1.0-7                     
  [7] tibble_3.2.1                      polyclip_1.10-6                  
  [9] XML_3.99-0.16.1                   fastDummies_1.7.3                
 [11] lifecycle_1.0.4                   rprojroot_2.0.4                  
 [13] globals_0.16.2                    lattice_0.22-5                   
 [15] hdf5r_1.3.8                       MASS_7.3-60                      
 [17] plotly_4.10.3                     yaml_2.3.8                       
 [19] BSgenome.Hsapiens.UCSC.hg38_1.4.5 httpuv_1.6.14                    
 [21] sctransform_0.4.1                 spam_2.10-0                      
 [23] spatstat.sparse_3.0-2             reticulate_1.34.0                
 [25] cowplot_1.1.1                     pbapply_1.7-2                    
 [27] RColorBrewer_1.1-3                abind_1.4-5                      
 [29] zlibbioc_1.48.0                   Rtsne_0.17                       
 [31] purrr_1.0.2                       RCurl_1.98-1.14                  
 [33] GenomeInfoDbData_1.2.11           ggrepel_0.9.5                    
 [35] irlba_2.3.5.1                     listenv_0.9.1                    
 [37] spatstat.utils_3.0-3              goftest_1.2-3                    
 [39] RSpectra_0.16-1                   spatstat.random_3.2-1            
 [41] fitdistrplus_1.1-11               parallelly_1.37.1                
 [43] leiden_0.4.3                      codetools_0.2-19                 
 [45] DelayedArray_0.28.0               tidyselect_1.2.0                 
 [47] farver_2.1.1                      base64enc_0.1-3                  
 [49] spatstat.explore_3.2-5            GenomicAlignments_1.38.0         
 [51] jsonlite_1.8.8                    ellipsis_0.3.2                   
 [53] progressr_0.14.0                  ggridges_0.5.4                   
 [55] survival_3.5-8                    tools_4.3.1                      
 [57] ica_1.0-3                         glue_1.7.0                       
 [59] SparseArray_1.2.2                 IRdisplay_1.1                    
 [61] dplyr_1.1.4                       withr_3.0.0                      
 [63] fastmap_1.1.1                     rhdf5filters_1.12.1              
 [65] fansi_1.0.6                       digest_0.6.34                    
 [67] R6_2.5.1                          mime_0.12                        
 [69] colorspace_2.1-0                  Cairo_1.6-2                      
 [71] scattermore_1.2                   tensor_1.5                       
 [73] spatstat.data_3.0-1               utf8_1.2.4                       
 [75] tidyr_1.3.1                       generics_0.1.3                   
 [77] rtracklayer_1.62.0                httr_1.4.7                       
 [79] htmlwidgets_1.6.4                 S4Arrays_1.2.0                   
 [81] uwot_0.1.16                       pkgconfig_2.0.3                  
 [83] lmtest_0.9-40                     XVector_0.42.0                   
 [85] htmltools_0.5.7                   dotCall64_1.1-1                  
 [87] scales_1.3.0                      png_0.1-8                        
 [89] rjson_0.2.21                      reshape2_1.4.4                   
 [91] uuid_1.2-0                        nlme_3.1-164                     
 [93] repr_1.1.6                        zoo_1.8-12                       
 [95] KernSmooth_2.23-22                miniUI_0.1.1.1                   
 [97] restfulr_0.0.15                   pillar_1.9.0                     
 [99] vctrs_0.6.5                       RANN_2.6.1                       
[101] promises_1.2.1                    xtable_1.8-4                     
[103] cluster_2.1.6                     evaluate_0.23                    
[105] Rsamtools_2.18.0                  cli_3.6.2                        
[107] compiler_4.3.1                    rlang_1.1.3                      
[109] crayon_1.5.2                      future.apply_1.11.1              
[111] labeling_0.4.3                    stringi_1.8.3                    
[113] BiocParallel_1.36.0               viridisLite_0.4.2                
[115] deldir_1.0-9                      munsell_0.5.0                    
[117] Biostrings_2.70.1                 lazyeval_0.2.2                   
[119] spatstat.geom_3.2-7               IRkernel_1.3.2                   
[121] RcppHNSW_0.6.0                    BSgenome_1.70.1                  
[123] patchwork_1.2.0                   bit64_4.0.5                      
[125] future_1.33.1                     Rhdf5lib_1.24.0                  
[127] shiny_1.8.0                       ROCR_1.0-11                      
[129] igraph_1.5.1                      bit_4.0.5                        


------- Log Info


2024-03-25 19:18:14.322244 : Input-Parameters, Class = list

Input-Parameters$ArchRProj: length = 1

Input-Parameters$embedding: length = 1
[1] "UMAPH300"


Input-Parameters$colorBy: length = 1
[1] "GeneScoreMatrix"


Input-Parameters$name: length = 6
[1] "DRD1"  "DRD2"  "FOXP2" "GRM8"  "TSHZ1" "DRD3" 


Input-Parameters$log2Norm: length = 0
NULL


Input-Parameters$pal: length = 0
NULL


Input-Parameters$size: length = 1
[1] 0.1


Input-Parameters$sampleCells: length = 0
NULL


Input-Parameters$highlightCells: length = 0
NULL


Input-Parameters$rastr: length = 1
[1] TRUE


Input-Parameters$quantCut: length = 2
[1] 0.01 0.99


Input-Parameters$discreteSet: length = 0
NULL


Input-Parameters$continuousSet: length = 0
NULL


Input-Parameters$randomize: length = 1
[1] TRUE


Input-Parameters$keepAxis: length = 1
[1] FALSE


Input-Parameters$baseSize: length = 1
[1] 10


Input-Parameters$plotAs: length = 0
NULL


Input-Parameters$threads: length = 1
[1] 6


Input-Parameters$logFile: length = 1
[1] "ArchRLogs/ArchR-plotEmbedding-74e137f5df91-Date-2024-03-25_Time-19-18-13.901515.log"



2024-03-25 19:18:14.401674 : 

2024-03-25 19:18:14.412989 : Embedding data.frame, Class = data.frame
Embedding data.frame: nRows = 83115, nCols = 2
                                  HarmonyX300#UMAP_Dimension_1
NAC.MM_551#TAGTCACCCATAGGTAAGACCA                    5.5129997
NAC.MM_551#GGGTTTACGCTAGCGTCATATG                   10.6556484
NAC.MM_551#AGGTTATAGGTTGTCATGCGTG                   12.5824806
NAC.MM_551#TGTATCTACCCAGCAACCGATC                    0.6037522
NAC.MM_551#TTGACGTTGAAAAGCACTAGCG                   12.0541727
NAC.MM_551#GGTTATGATGGCTAAGGATTAG                   12.3997175
                                  HarmonyX300#UMAP_Dimension_2
NAC.MM_551#TAGTCACCCATAGGTAAGACCA                    -1.076250
NAC.MM_551#GGGTTTACGCTAGCGTCATATG                     6.226333
NAC.MM_551#AGGTTATAGGTTGTCATGCGTG                     6.504040
NAC.MM_551#TGTATCTACCCAGCAACCGATC                   -15.543991
NAC.MM_551#TTGACGTTGAAAAGCACTAGCG                     6.967251
NAC.MM_551#GGTTATGATGGCTAAGGATTAG                     6.719103



2024-03-25 19:18:14.761061 : 

2024-03-25 19:18:14.822724 : 

2024-03-25 19:18:14.987847 : FeatureDF, Class = DFrame
DataFrame with 24919 rows and 6 columns
      seqnames     start       end  strand         name     idx
         <Rle>   <array>   <array> <array>      <array> <array>
1         chr1     69091     70008       1        OR4F5       1
2         chr1    140339    139790       2    LOC729737       2
3         chr1    629010    585990       2 LOC101928626       3
4         chr1    817371    819837       1       FAM87B       4
5         chr1    825138    859446       1    LINC01128       5
...        ...       ...       ...     ...          ...     ...
24915     chrX 155264589 155258241       2       RAB39B     952
24916     chrX 155334657 155276211       2        CLIC2     953
24917     chrX 155380787 155381134       1       H2AFB1     954
24918     chrX 155382115 155383230       1         F8A2     955
24919     chrX 155669944 155490115       2        TMLHE     956


2024-03-25 19:18:15.158162 : idx, Class = integer

idx: length = 6
[1] 19545  4742 21724 21782 11269 16896



2024-03-25 19:18:15.167873 : FeatureDF-Subset, Class = DFrame
DataFrame with 6 rows and 6 columns
  seqnames     start       end  strand    name     idx
     <Rle>   <array>   <array> <array> <array> <array>
1     chr5 175444208 175440039       2    DRD1    1052
2    chr11 113475691 113409615       2    DRD2    1320
3     chr7 114086327 114693772       1   FOXP2     780
4     chr7 127253294 126438598       2    GRM8     838
5    chr18  75210755  75289950       1   TSHZ1     357
6     chr3 114199407 114128652       2    DRD3     764


2024-03-25 19:18:34.73909 : Feature-Matrix, Class = dgCMatrix
Feature-Matrix: nRows = 6, nCols = 83115
Feature-Matrix: NonZeroEntries = 155156, EntryRange = [ 0.038 , 153.2 ]
5 x 5 sparse Matrix of class "dgCMatrix"
     NAC.MM_551#TAGTCACCCATAGGTAAGACCA NAC.MM_551#GGGTTTACGCTAGCGTCATATG
[1,]                             0.173                             1.347
[2,]                             0.252                             .    
[3,]                             0.812                             3.587
[4,]                             2.471                             2.744
[5,]                             1.702                             0.261
     NAC.MM_551#AGGTTATAGGTTGTCATGCGTG NAC.MM_551#TGTATCTACCCAGCAACCGATC
[1,]                             1.663                             0.157
[2,]                             0.594                             .    
[3,]                             2.519                             1.879
[4,]                             2.114                             0.746
[5,]                             0.766                             0.122
     NAC.MM_551#TTGACGTTGAAAAGCACTAGCG
[1,]                             0.522
[2,]                             0.512
[3,]                             2.267
[4,]                             1.690
[5,]                             0.989



2024-03-25 19:18:34.860758 : colorMat-Before-Impute, Class = matrix
 
2024-03-25 19:18:34.860758 : colorMat-Before-Impute, Class = array
      NAC.MM_551#TAGTCACCCATAGGTAAGACCA NAC.MM_551#GGGTTTACGCTAGCGTCATATG
DRD1                              0.173                             1.347
DRD2                              0.252                             0.000
FOXP2                             0.812                             3.587
GRM8                              2.471                             2.744
TSHZ1                             1.702                             0.261
      NAC.MM_551#AGGTTATAGGTTGTCATGCGTG NAC.MM_551#TGTATCTACCCAGCAACCGATC
DRD1                              1.663                             0.157
DRD2                              0.594                             0.000
FOXP2                             2.519                             1.879
GRM8                              2.114                             0.746
TSHZ1                             0.766                             0.122
      NAC.MM_551#TTGACGTTGAAAAGCACTAGCG
DRD1                              0.522
DRD2                              0.512
FOXP2                             2.267
GRM8                              1.690
TSHZ1                             0.989

colorMat-Before-Impute: nRows = 6, nCols = 83115


2024-03-25 19:18:34.873147 : imputeMatrix Input-Parameters, Class = list

imputeMatrix Input-Parameters$mat: nRows = 6, nCols = 83115
      NAC.MM_551#TAGTCACCCATAGGTAAGACCA NAC.MM_551#GGGTTTACGCTAGCGTCATATG
DRD1                              0.173                             1.347
DRD2                              0.252                             0.000
FOXP2                             0.812                             3.587
GRM8                              2.471                             2.744
TSHZ1                             1.702                             0.261
      NAC.MM_551#AGGTTATAGGTTGTCATGCGTG NAC.MM_551#TGTATCTACCCAGCAACCGATC
DRD1                              1.663                             0.157
DRD2                              0.594                             0.000
FOXP2                             2.519                             1.879
GRM8                              2.114                             0.746
TSHZ1                             0.766                             0.122
      NAC.MM_551#TTGACGTTGAAAAGCACTAGCG
DRD1                              0.522
DRD2                              0.512
FOXP2                             2.267
GRM8                              1.690
TSHZ1                             0.989


imputeMatrix Input-Parameters$threads: length = 1
[1] 6


imputeMatrix Input-Parameters$verbose: length = 1
[1] FALSE


imputeMatrix Input-Parameters$logFile: length = 1
[1] "ArchRLogs/ArchR-plotEmbedding-74e137f5df91-Date-2024-03-25_Time-19-18-13.901515.log"



2024-03-25 19:18:34.889968 : mat, Class = matrix
 
2024-03-25 19:18:34.889968 : mat, Class = array
      NAC.MM_551#TAGTCACCCATAGGTAAGACCA NAC.MM_551#GGGTTTACGCTAGCGTCATATG
DRD1                              0.173                             1.347
DRD2                              0.252                             0.000
FOXP2                             0.812                             3.587
GRM8                              2.471                             2.744
TSHZ1                             1.702                             0.261
      NAC.MM_551#AGGTTATAGGTTGTCATGCGTG NAC.MM_551#TGTATCTACCCAGCAACCGATC
DRD1                              1.663                             0.157
DRD2                              0.594                             0.000
FOXP2                             2.519                             1.879
GRM8                              2.114                             0.746
TSHZ1                             0.766                             0.122
      NAC.MM_551#TTGACGTTGAAAAGCACTAGCG
DRD1                              0.522
DRD2                              0.512
FOXP2                             2.267
GRM8                              1.690
TSHZ1                             0.989

mat: nRows = 6, nCols = 83115


2024-03-25 19:18:34.893972 : weightList, Class = SimpleList

weightList$w1: length = 1
[1] "/projects/pfenninggroup/singleCell/BICCN_human_CATlas_snATAC-seq/data/tidy_data/ArchRProjects/BICCN_human_Str_snATAC/ImputeWeights/Impute-Weights-Rep-1"


weightList$w2: length = 1
[1] "/projects/pfenninggroup/singleCell/BICCN_human_CATlas_snATAC-seq/data/tidy_data/ArchRProjects/BICCN_human_Str_snATAC/ImputeWeights/Impute-Weights-Rep-2"


2024-03-25 19:18:34.904887 : Imputing Matrix (1 of 2), 0 mins elapsed.

2024-03-25 19:18:34.912193 : 

2024-03-25 19:18:34.997579 : 

2024-03-25 19:18:35.055817 : 

2024-03-25 19:18:35.136489 : 

2024-03-25 19:18:35.280431 : 

2024-03-25 19:18:35.398428 : 

2024-03-25 19:18:35.580445 : 

2024-03-25 19:18:52.517581 : 

2024-03-25 19:18:52.86145 : 

2024-03-25 19:18:53.225429 : 

2024-03-25 19:18:53.525437 : 

2024-03-25 19:18:53.870414 : 

2024-03-25 19:18:54.12349 : 

2024-03-25 19:19:10.624517 : 

2024-03-25 19:19:11.015578 : 

2024-03-25 19:19:11.376911 : 

2024-03-25 19:19:11.718434 : 

2024-03-25 19:19:12.160403 : 
2024-03-25 19:19:27.334717 : Imputing Matrix (2 of 2), 0.874 mins elapsed.

2024-03-25 19:19:27.355589 : 

2024-03-25 19:19:27.483407 : 

2024-03-25 19:19:27.53443 : 

2024-03-25 19:19:27.649161 : 

2024-03-25 19:19:27.758431 : 

2024-03-25 19:19:27.92191 : 

2024-03-25 19:19:28.072447 : 

2024-03-25 19:19:44.784466 : 

2024-03-25 19:19:45.069517 : 

2024-03-25 19:19:45.400398 : 

2024-03-25 19:19:45.75644 : 

2024-03-25 19:19:46.102432 : 

2024-03-25 19:19:46.359364 : 

2024-03-25 19:20:03.13354 : 

2024-03-25 19:20:03.503449 : 

2024-03-25 19:20:03.867475 : 

2024-03-25 19:20:04.214519 : 

2024-03-25 19:20:04.598272 : 
2024-03-25 19:20:19.628804 : Finished Imputing Matrix, 1.745 mins elapsed.

2024-03-25 19:20:19.63145 : colorMat-After-Impute, Class = matrix
 
2024-03-25 19:20:19.63145 : colorMat-After-Impute, Class = array
      NAC.MM_551#TAGTCACCCATAGGTAAGACCA NAC.MM_551#GGGTTTACGCTAGCGTCATATG
DRD1                          0.2235795                         1.0876812
DRD2                          0.6078997                         0.7222896
FOXP2                         0.7918887                         2.5758814
GRM8                          3.1263272                         2.3773784
TSHZ1                         1.5494966                         1.0602361
      NAC.MM_551#AGGTTATAGGTTGTCATGCGTG NAC.MM_551#TGTATCTACCCAGCAACCGATC
DRD1                          1.1215865                         0.1002952
DRD2                          0.8849243                         0.1372968
FOXP2                         2.0001375                         2.4526848
GRM8                          2.6858523                         1.8206650
TSHZ1                         0.6774784                         0.5734677
      NAC.MM_551#TTGACGTTGAAAAGCACTAGCG
DRD1                          1.1798684
DRD2                          0.8290428
FOXP2                         2.1541940
GRM8                          2.3063085
TSHZ1                         0.9195261

colorMat-After-Impute: nRows = 6, nCols = 83115


2024-03-25 19:20:19.654942 : ColorParams 1, Class = list

ColorParams 1$color: length = 83115
NAC.MM_551#TAGTCACCCATAGGTAAGACCA NAC.MM_551#GGGTTTACGCTAGCGTCATATG 
                        0.2235795                         1.0876812 
NAC.MM_551#AGGTTATAGGTTGTCATGCGTG NAC.MM_551#TGTATCTACCCAGCAACCGATC 
                        1.1215865                         0.1002952 
NAC.MM_551#TTGACGTTGAAAAGCACTAGCG NAC.MM_551#GGTTATGATGGCTAAGGATTAG 
                        1.1798684                         1.1901575 


ColorParams 1$discrete: length = 1
[1] FALSE


ColorParams 1$title: length = 1
[1] "UMAPH300 of HarmonyX300 colored by\nGeneScoreMatrix : DRD1"


ColorParams 1$continuousSet: length = 1
[1] "horizonExtra"



2024-03-25 19:20:19.742415 : PlotParams-1, Class = list

PlotParams-1$color: length = 83115
NAC.MM_551#TAGTCACCCATAGGTAAGACCA NAC.MM_551#GGGTTTACGCTAGCGTCATATG 
                        0.2911078                         1.0619015 
NAC.MM_551#AGGTTATAGGTTGTCATGCGTG NAC.MM_551#TGTATCTACCCAGCAACCGATC 
                        1.0851435                         0.1378906 
NAC.MM_551#TTGACGTTGAAAAGCACTAGCG NAC.MM_551#GGTTATGATGGCTAAGGATTAG 
                        1.1242410                         1.1310346 


PlotParams-1$title: length = 1
[1] "UMAPH300 of HarmonyX300 colored by\nGeneScoreMatrix : DRD1"


PlotParams-1$x: length = 83115
[1]  5.5129997 10.6556484 12.5824806  0.6037522 12.0541727 12.3997175


PlotParams-1$y: length = 83115
[1]  -1.076250   6.226333   6.504040 -15.543991   6.967251   6.719103


PlotParams-1$baseSize: length = 1
[1] 10


PlotParams-1$xlabel: length = 1
[1] "UMAP Dimension 1"


PlotParams-1$ylabel: length = 1
[1] "UMAP Dimension 2"


PlotParams-1$pal: length = 256
[1] "#000436" "#000439" "#00053D" "#000640" "#000744" "#000848"


PlotParams-1$colorTitle: length = 1
[1] "Log2(NormCounts + 1)"



2024-03-25 19:20:20.893948 : PlotParams-2, Class = list

PlotParams-2$color: length = 83115
NAC.MM_551#TAGTCACCCATAGGTAAGACCA NAC.MM_551#GGGTTTACGCTAGCGTCATATG 
                        0.6851774                         0.7843278 
NAC.MM_551#AGGTTATAGGTTGTCATGCGTG NAC.MM_551#TGTATCTACCCAGCAACCGATC 
                        0.9145066                         0.1856088 
NAC.MM_551#TTGACGTTGAAAAGCACTAGCG NAC.MM_551#GGTTATGATGGCTAAGGATTAG 
                        0.8710888                         0.9184008 


PlotParams-2$title: length = 1
[1] "UMAPH300 of HarmonyX300 colored by\nGeneScoreMatrix : DRD2"


PlotParams-2$x: length = 83115
[1]  5.5129997 10.6556484 12.5824806  0.6037522 12.0541727 12.3997175


PlotParams-2$y: length = 83115
[1]  -1.076250   6.226333   6.504040 -15.543991   6.967251   6.719103


PlotParams-2$baseSize: length = 1
[1] 10


PlotParams-2$xlabel: length = 1
[1] "UMAP Dimension 1"


PlotParams-2$ylabel: length = 1
[1] "UMAP Dimension 2"


PlotParams-2$pal: length = 256
[1] "#000436" "#000439" "#00053D" "#000640" "#000744" "#000848"


PlotParams-2$colorTitle: length = 1
[1] "Log2(NormCounts + 1)"



2024-03-25 19:20:22.057443 : PlotParams-3, Class = list

PlotParams-3$color: length = 83115
NAC.MM_551#TAGTCACCCATAGGTAAGACCA NAC.MM_551#GGGTTTACGCTAGCGTCATATG 
                         0.841481                          1.838299 
NAC.MM_551#AGGTTATAGGTTGTCATGCGTG NAC.MM_551#TGTATCTACCCAGCAACCGATC 
                         1.585029                          1.787719 
NAC.MM_551#TTGACGTTGAAAAGCACTAGCG NAC.MM_551#GGTTATGATGGCTAAGGATTAG 
                         1.657271                          1.462109 


PlotParams-3$title: length = 1
[1] "UMAPH300 of HarmonyX300 colored by\nGeneScoreMatrix : FOXP2"


PlotParams-3$x: length = 83115
[1]  5.5129997 10.6556484 12.5824806  0.6037522 12.0541727 12.3997175


PlotParams-3$y: length = 83115
[1]  -1.076250   6.226333   6.504040 -15.543991   6.967251   6.719103


PlotParams-3$baseSize: length = 1
[1] 10


PlotParams-3$xlabel: length = 1
[1] "UMAP Dimension 1"


PlotParams-3$ylabel: length = 1
[1] "UMAP Dimension 2"


PlotParams-3$pal: length = 256
[1] "#000436" "#000439" "#00053D" "#000640" "#000744" "#000848"


PlotParams-3$colorTitle: length = 1
[1] "Log2(NormCounts + 1)"



2024-03-25 19:20:23.163235 : PlotParams-4, Class = list

PlotParams-4$color: length = 83115
NAC.MM_551#TAGTCACCCATAGGTAAGACCA NAC.MM_551#GGGTTTACGCTAGCGTCATATG 
                         2.044858                          1.755904 
NAC.MM_551#AGGTTATAGGTTGTCATGCGTG NAC.MM_551#TGTATCTACCCAGCAACCGATC 
                         1.881998                          1.496035 
NAC.MM_551#TTGACGTTGAAAAGCACTAGCG NAC.MM_551#GGTTATGATGGCTAAGGATTAG 
                         1.725221                          1.727376 


PlotParams-4$title: length = 1
[1] "UMAPH300 of HarmonyX300 colored by\nGeneScoreMatrix : GRM8"


PlotParams-4$x: length = 83115
[1]  5.5129997 10.6556484 12.5824806  0.6037522 12.0541727 12.3997175


PlotParams-4$y: length = 83115
[1]  -1.076250   6.226333   6.504040 -15.543991   6.967251   6.719103


PlotParams-4$baseSize: length = 1
[1] 10


PlotParams-4$xlabel: length = 1
[1] "UMAP Dimension 1"


PlotParams-4$ylabel: length = 1
[1] "UMAP Dimension 2"


PlotParams-4$pal: length = 256
[1] "#000436" "#000439" "#00053D" "#000640" "#000744" "#000848"


PlotParams-4$colorTitle: length = 1
[1] "Log2(NormCounts + 1)"



2024-03-25 19:20:24.249123 : PlotParams-5, Class = list

PlotParams-5$color: length = 83115
NAC.MM_551#TAGTCACCCATAGGTAAGACCA NAC.MM_551#GGGTTTACGCTAGCGTCATATG 
                        1.3502124                         1.0428097 
NAC.MM_551#AGGTTATAGGTTGTCATGCGTG NAC.MM_551#TGTATCTACCCAGCAACCGATC 
                        0.7462942                         0.7389458 
NAC.MM_551#TTGACGTTGAAAAGCACTAGCG NAC.MM_551#GGTTATGATGGCTAAGGATTAG 
                        0.9407502                         0.8075007 


PlotParams-5$title: length = 1
[1] "UMAPH300 of HarmonyX300 colored by\nGeneScoreMatrix : TSHZ1"


PlotParams-5$x: length = 83115
[1]  5.5129997 10.6556484 12.5824806  0.6037522 12.0541727 12.3997175


PlotParams-5$y: length = 83115
[1]  -1.076250   6.226333   6.504040 -15.543991   6.967251   6.719103


PlotParams-5$baseSize: length = 1
[1] 10


PlotParams-5$xlabel: length = 1
[1] "UMAP Dimension 1"


PlotParams-5$ylabel: length = 1
[1] "UMAP Dimension 2"


PlotParams-5$pal: length = 256
[1] "#000436" "#000439" "#00053D" "#000640" "#000744" "#000848"


PlotParams-5$colorTitle: length = 1
[1] "Log2(NormCounts + 1)"



2024-03-25 19:20:25.343567 : PlotParams-6, Class = list

PlotParams-6$color: length = 83115
NAC.MM_551#TAGTCACCCATAGGTAAGACCA NAC.MM_551#GGGTTTACGCTAGCGTCATATG 
                        0.1938368                         0.9513889 
NAC.MM_551#AGGTTATAGGTTGTCATGCGTG NAC.MM_551#TGTATCTACCCAGCAACCGATC 
                        0.9683168                         0.2923334 
NAC.MM_551#TTGACGTTGAAAAGCACTAGCG NAC.MM_551#GGTTATGATGGCTAAGGATTAG 
                        0.9475377                         0.8926596 


PlotParams-6$title: length = 1
[1] "UMAPH300 of HarmonyX300 colored by\nGeneScoreMatrix : DRD3"


PlotParams-6$x: length = 83115
[1]  5.5129997 10.6556484 12.5824806  0.6037522 12.0541727 12.3997175


PlotParams-6$y: length = 83115
[1]  -1.076250   6.226333   6.504040 -15.543991   6.967251   6.719103


PlotParams-6$baseSize: length = 1
[1] 10


PlotParams-6$xlabel: length = 1
[1] "UMAP Dimension 1"


PlotParams-6$ylabel: length = 1
[1] "UMAP Dimension 2"


PlotParams-6$pal: length = 256
[1] "#000436" "#000439" "#00053D" "#000640" "#000744" "#000848"


PlotParams-6$colorTitle: length = 1
[1] "Log2(NormCounts + 1)"



------- Completed

End Time : 2024-03-25 19:20:26.439795
Elapsed Time Minutes = 2.20864426692327
Elapsed Time Hours = 0.0368108063936234

-------



